[debug] [2018-06-08T10:35:53.921Z] ----------------------------------------------------------------------
[debug] [2018-06-08T10:35:53.923Z] Command:       C:\Program Files\nodejs\node.exe C:\Users\amirl\repos\SwimmingCompetitions\server\functions\node_modules\firebase-tools\bin\firebase deploy --only functions
[debug] [2018-06-08T10:35:53.924Z] CLI Version:   3.18.5
[debug] [2018-06-08T10:35:53.924Z] Platform:      win32
[debug] [2018-06-08T10:35:53.924Z] Node Version:  v8.11.2
[debug] [2018-06-08T10:35:53.924Z] Time:          Fri Jun 08 2018 13:35:53 GMT+0300 (Jerusalem Daylight Time)
[debug] [2018-06-08T10:35:53.924Z] ----------------------------------------------------------------------
[debug] 
[debug] [2018-06-08T10:35:53.936Z] > command requires scopes: ["email","openid","https://www.googleapis.com/auth/cloudplatformprojects.readonly","https://www.googleapis.com/auth/firebase","https://www.googleapis.com/auth/cloud-platform"]
[debug] [2018-06-08T10:35:53.937Z] > authorizing via signed-in user
[debug] [2018-06-08T10:35:53.939Z] > refreshing access token with scopes: ["email","https://www.googleapis.com/auth/cloud-platform","https://www.googleapis.com/auth/cloudplatformprojects.readonly","https://www.googleapis.com/auth/firebase","openid"]
[debug] [2018-06-08T10:35:53.939Z] >>> HTTP REQUEST POST https://www.googleapis.com/oauth2/v3/token  
 { refresh_token: '1/M_lnj5K4z_YDyD34vDspikEc3BBbKpPF4KFa8_CTRsQ',
  client_id: '563584335869-fgrhgmd47bqnekij5i8b5pr03ho849e6.apps.googleusercontent.com',
  client_secret: 'j9iVZfS8kkCEFUPaAeJV0sAi',
  grant_type: 'refresh_token',
  scope: 'email https://www.googleapis.com/auth/cloud-platform https://www.googleapis.com/auth/cloudplatformprojects.readonly https://www.googleapis.com/auth/firebase openid' } 
 Fri Jun 08 2018 13:35:53 GMT+0300 (Jerusalem Daylight Time)
[debug] [2018-06-08T10:35:54.370Z] <<< HTTP RESPONSE 200
[debug] [2018-06-08T10:35:54.377Z] >>> HTTP REQUEST GET https://admin.firebase.com/v1/projects/firebase-swimmingcompetitions  
  
 Fri Jun 08 2018 13:35:54 GMT+0300 (Jerusalem Daylight Time)
[debug] [2018-06-08T10:35:55.442Z] <<< HTTP RESPONSE 200
[debug] [2018-06-08T10:35:55.443Z] >>> HTTP REQUEST GET https://admin.firebase.com/v1/database/fir-swimmingcompetitions/tokens  
  
 Fri Jun 08 2018 13:35:55 GMT+0300 (Jerusalem Daylight Time)
[debug] [2018-06-08T10:35:56.538Z] <<< HTTP RESPONSE 200
